<?xml version="1.0" encoding="UTF-8"?>
<!-- Generated by org.testng.reporters.JUnitReportReporter -->
<testsuite hostname="Minhs-MBP" failures="1" tests="5" name="com.toilatester.runner.DemoRunner" time="0.820" errors="0" timestamp="2021-03-21T16:39:53 ICT" skipped="0">
  <testcase classname="com.toilatester.runner.DemoRunner" name="feature" time="0.085"/>
  <system-out/>
  <testcase classname="com.toilatester.runner.DemoRunner" name="feature" time="0.576">
    <failure message="expected [Sunday] but found [Friday]" type="java.lang.AssertionError">
      <![CDATA[java.lang.AssertionError: expected [Sunday] but found [Friday]
at org.testng.Assert.fail(Assert.java:99)
at org.testng.Assert.failNotEquals(Assert.java:1037)
at org.testng.Assert.assertEqualsImpl(Assert.java:140)
at org.testng.Assert.assertEquals(Assert.java:122)
at org.testng.Assert.assertEquals(Assert.java:629)
at org.testng.Assert.assertEquals(Assert.java:639)
at com.toilatester.steps.Common.verifyDate(Common.java:32)
at ✽.I should be told "Sunday"(file:///Users/minhhoang/Desktop/carina-cucumber-test/src/test/resources/features/Demo.feature:7)
]]>
    </failure>
  </testcase> <!-- feature -->
  <system-out>
 TEST [Is it my date (Sunday isn't Friday)] FAILED at [16:39:51 2021-03-21] - expected [Sunday] but found [Friday]

org.testng.Assert.fail(Assert.java:99)
org.testng.Assert.failNotEquals(Assert.java:1037)
org.testng.Assert.assertEqualsImpl(Assert.java:140)
org.testng.Assert.assertEquals(Assert.java:122)
org.testng.Assert.assertEquals(Assert.java:629)
org.testng.Assert.assertEquals(Assert.java:639)
com.toilatester.steps.Common.verifyDate(Common.java:32)
✽.I should be told "Sunday"(file:///Users/minhhoang/Desktop/carina-cucumber-test/src/test/resources/features/Demo.feature:7)  </system-out>
  <testcase classname="com.toilatester.runner.DemoRunner" name="feature" time="0.080"/>
  <system-out/>
  <testcase classname="com.toilatester.runner.DemoRunner" name="feature" time="0.038"/>
  <system-out/>
  <testcase classname="com.toilatester.runner.DemoRunner" name="feature" time="0.041"/>
  <system-out/>
</testsuite> <!-- com.toilatester.runner.DemoRunner -->
